0 info it worked if it ends with ok
1 verbose cli [ 'C:\\Program Files\\nodejs\\node.exe',
1 verbose cli   'C:\\Users\\dkhatri\\AppData\\Roaming\\npm\\node_modules\\npm\\bin\\npm-cli.js',
1 verbose cli   'start' ]
2 info using npm@3.10.9
3 info using node@v4.5.0
4 verbose run-script [ 'prestart', 'start', 'poststart' ]
5 info lifecycle scotch-http-server@1.0.0~prestart: scotch-http-server@1.0.0
6 silly lifecycle scotch-http-server@1.0.0~prestart: no script for prestart, continuing
7 info lifecycle scotch-http-server@1.0.0~start: scotch-http-server@1.0.0
8 verbose lifecycle scotch-http-server@1.0.0~start: unsafe-perm in lifecycle true
9 verbose lifecycle scotch-http-server@1.0.0~start: PATH: C:\Users\dkhatri\AppData\Roaming\npm\node_modules\npm\bin\node-gyp-bin;C:\servey-http\server\node_modules\.bin;c:\oracle\11.2.0\x86\bin;c:\Oracle\11.2.0\x86\bin;C:\Windows\system32;C:\Windows;C:\Windows\System32\Wbem;C:\Windows\System32\WindowsPowerShell\v1.0\;C:\Windows\System32\WindowsPowerShell\v1.0\;C:\Program Files (x86)\Novell\ZENworks\bin;C:\SysQL\Win32;C:\Program Files\Novell\iPrint;C:\Program Files\Novell\SecureLogin\;c:\Program Files (x86)\Microsoft SQL Server\90\Tools\binn\;C:\Program Files (x86)\Windows Kits\8.1\Windows Performance Toolkit\;C:\Program Files\Microsoft SQL Server\110\Tools\Binn\;C:\Program Files\nodejs\;C:\Program Files (x86)\Microsoft SDKs\TypeScript\1.8;c:\Program Files (x86)\Microsoft SQL Server\110\Tools\Binn\ManagementStudio\;c:\Program Files (x86)\Microsoft SQL Server\110\Tools\Binn\;c:\Program Files (x86)\Microsoft SQL Server\110\DTS\Binn\;C:\Program Files (x86)\Microsoft SDKs\TypeScript\1.0\;C:\Program Files\Microsoft SQL Server\120\Tools\Binn\;C:\Program Files\Git\cmd;C:\Users\dkhatri\AppData\Roaming\npm;C:\Program Files (x86)\Microsoft VS Code\bin
10 verbose lifecycle scotch-http-server@1.0.0~start: CWD: C:\servey-http\server
11 silly lifecycle scotch-http-server@1.0.0~start: Args: [ '/d /s /c', 'npm run build && node ./dist/index' ]
12 silly lifecycle scotch-http-server@1.0.0~start: Returned: code: 3221225786  signal: null
13 info lifecycle scotch-http-server@1.0.0~start: Failed to exec start script
14 verbose stack Error: scotch-http-server@1.0.0 start: `npm run build && node ./dist/index`
14 verbose stack Exit status 3221225786
14 verbose stack     at EventEmitter.<anonymous> (C:\Users\dkhatri\AppData\Roaming\npm\node_modules\npm\lib\utils\lifecycle.js:255:16)
14 verbose stack     at emitTwo (events.js:87:13)
14 verbose stack     at EventEmitter.emit (events.js:172:7)
14 verbose stack     at ChildProcess.<anonymous> (C:\Users\dkhatri\AppData\Roaming\npm\node_modules\npm\lib\utils\spawn.js:40:14)
14 verbose stack     at emitTwo (events.js:87:13)
14 verbose stack     at ChildProcess.emit (events.js:172:7)
14 verbose stack     at maybeClose (internal/child_process.js:829:16)
14 verbose stack     at Process.ChildProcess._handle.onexit (internal/child_process.js:211:5)
15 verbose pkgid scotch-http-server@1.0.0
16 verbose cwd C:\servey-http\server
17 error Windows_NT 6.1.7601
18 error argv "C:\\Program Files\\nodejs\\node.exe" "C:\\Users\\dkhatri\\AppData\\Roaming\\npm\\node_modules\\npm\\bin\\npm-cli.js" "start"
19 error node v4.5.0
20 error npm  v3.10.9
21 error code ELIFECYCLE
22 error scotch-http-server@1.0.0 start: `npm run build && node ./dist/index`
22 error Exit status 3221225786
23 error Failed at the scotch-http-server@1.0.0 start script 'npm run build && node ./dist/index'.
23 error Make sure you have the latest version of node.js and npm installed.
23 error If you do, this is most likely a problem with the scotch-http-server package,
23 error not with npm itself.
23 error Tell the author that this fails on your system:
23 error     npm run build && node ./dist/index
23 error You can get information on how to open an issue for this project with:
23 error     npm bugs scotch-http-server
23 error Or if that isn't available, you can get their info via:
23 error     npm owner ls scotch-http-server
23 error There is likely additional logging output above.
24 verbose exit [ 1, true ]
